Build started 13/08/2015 22:03:29.
     1>Project "C:\Users\Gustavo Schroeder\Documents\Visual Studio 2015\Projects\OpenGl\OpenGl\OpenGl.vcxproj" on node 2 (Build target(s)).
     1>ClCompile:
         C:\Program Files (x86)\Microsoft Visual Studio 14.0\VC\bin\CL.exe /c /I"C:\Users\Gustavo Schroeder\Documents\Visual Studio 2015\Glew\freeglut\include" /I"C:\Users\Gustavo Schroeder\Documents\Visual Studio 2015\Glew\glew-1.11.0\include" /Zi /nologo /W3 /WX- /sdl /O2 /Oi /Oy- /GL /D _MBCS /Gm- /EHsc /MD /GS /Gy /fp:precise /Zc:wchar_t /Zc:forScope /Zc:inline /Fo"Release\\" /Fd"Release\vc140.pdb" /Gd /TP /analyze- /errorReport:prompt helloworld.cpp
         helloworld.cpp
     1>helloworld.cpp(25): warning C4305: 'argument': truncation from 'double' to 'GLfloat'
     1>helloworld.cpp(26): warning C4305: 'argument': truncation from 'double' to 'GLfloat'
     1>helloworld.cpp(27): warning C4305: 'argument': truncation from 'double' to 'GLfloat'
     1>helloworld.cpp(28): warning C4305: 'argument': truncation from 'double' to 'GLfloat'
     1>helloworld.cpp(36): warning C4244: '=': conversion from 'double' to 'GLfloat', possible loss of data
     1>helloworld.cpp(38): warning C4244: 'argument': conversion from 'double' to 'GLfloat', possible loss of data
     1>helloworld.cpp(48): warning C4244: '=': conversion from 'double' to 'GLfloat', possible loss of data
     1>helloworld.cpp(50): warning C4244: 'argument': conversion from 'double' to 'GLfloat', possible loss of data
     1>helloworld.cpp(60): warning C4244: '=': conversion from 'double' to 'GLfloat', possible loss of data
     1>helloworld.cpp(62): warning C4244: 'argument': conversion from 'double' to 'GLfloat', possible loss of data
     1>helloworld.cpp(75): warning C4244: '=': conversion from 'double' to 'GLfloat', possible loss of data
     1>helloworld.cpp(77): warning C4244: 'argument': conversion from 'double' to 'GLfloat', possible loss of data
       Link:
         C:\Program Files (x86)\Microsoft Visual Studio 14.0\VC\bin\link.exe /ERRORREPORT:PROMPT /OUT:"C:\Users\Gustavo Schroeder\Documents\Visual Studio 2015\Projects\OpenGl\Release\OpenGl.exe" /NOLOGO /LIBPATH:"C:\Users\Gustavo Schroeder\Documents\Visual Studio 2015\Glew\freeglut\lib" /LIBPATH:"C:\Users\Gustavo Schroeder\Documents\Visual Studio 2015\Glew\glew-1.11.0\lib" glew32.lib freeglut.lib kernel32.lib user32.lib gdi32.lib winspool.lib comdlg32.lib advapi32.lib shell32.lib ole32.lib oleaut32.lib uuid.lib odbc32.lib odbccp32.lib /MANIFEST /MANIFESTUAC:"level='asInvoker' uiAccess='false'" /manifest:embed /Debug /PDB:"C:\Users\Gustavo Schroeder\Documents\Visual Studio 2015\Projects\OpenGl\Release\OpenGl.pdb" /OPT:REF /OPT:ICF /LTCG:incremental /TLBID:1 /DYNAMICBASE /NXCOMPAT /IMPLIB:"C:\Users\Gustavo Schroeder\Documents\Visual Studio 2015\Projects\OpenGl\Release\OpenGl.lib" /MACHINE:X86 /SAFESEH Release\helloworld.obj
         Generating code
         1 of 6 functions (16.7%) were compiled, the rest were copied from previous compilation.
           0 functions were new in current compilation
           1 functions had inline decision re-evaluated but remain unchanged
         Finished generating code
         OpenGl.vcxproj -> C:\Users\Gustavo Schroeder\Documents\Visual Studio 2015\Projects\OpenGl\Release\OpenGl.exe
     1>Done Building Project "C:\Users\Gustavo Schroeder\Documents\Visual Studio 2015\Projects\OpenGl\OpenGl\OpenGl.vcxproj" (Build target(s)).

Build succeeded.

Time Elapsed 00:00:04.89
